[2025-01-27T14:03:26.492Z] Unterschiede bei Get SalesOrders:
Falscher Typ für Feld data: erwartet [object Object], erhalten object
Falscher Typ für Feld extra: erwartet [object Object], erhalten object
[2025-01-27T14:07:38.986Z] Unterschiede bei Get SalesOrders:
Falscher Typ für Feld data: erwartet [object Object], erhalten object
Falscher Typ für Feld extra: erwartet [object Object], erhalten object
[2025-01-27T14:21:16.093Z] Unterschiede bei Get SalesOrders:
Falscher Typ für Feld data: erwartet [object Object], erhalten object
Falscher Typ für Feld extra: erwartet [object Object], erhalten object
[2025-01-27T14:27:25.959Z] Unterschiede bei Get SalesOrders:
Falscher Typ für Feld data: erwartet [object Object], erhalten object
Falscher Typ für Feld extra: erwartet [object Object], erhalten object
[2025-01-27T14:28:00.315Z] Unterschiede bei Get SalesOrders:
Falscher Typ für Feld data: erwartet [object Object], erhalten object
Falscher Typ für Feld extra: erwartet [object Object], erhalten object
[2025-01-27T14:31:34.113Z] Unterschiede bei Get SalesOrders:
Falscher Typ für Feld data: erwartet [object Object], erhalten object
Falscher Typ für Feld extra: erwartet [object Object], erhalten object
[2025-02-06T08:59:49.947Z] Unterschiede bei Get SalesOrders:
Falscher Typ für Feld data: erwartet [object Object], erhalten object
Falscher Typ für Feld extra: erwartet [object Object], erhalten object
[2025-02-06T12:54:25.172Z] Unterschiede bei Get SalesOrders List:
Falscher Typ für Feld data: erwartet [object Object], erhalten object
Falscher Typ für Feld extra: erwartet [object Object], erhalten object
[2025-02-06T13:12:29.783Z] Unterschiede bei Get SalesOrders List:
Falscher Typ für Feld data: erwartet [object Object], erhalten object
Falscher Typ für Feld extra: erwartet [object Object], erhalten object
[2025-02-06T13:28:31.547Z] Unterschiede bei Get SalesOrders List:
Neues Feld gefunden: data[0].financials.billingAddress.department
Neues Feld gefunden: data[0].financials.billingAddress.subDepartment
Neues Feld gefunden: data[0].financials.billingAddress.state
Neues Feld gefunden: data[0].financials.billingAddress.type
Neues Feld gefunden: data[0].financials.billingAddress.title
Neues Feld gefunden: data[0].financials.billingAddress.contactPerson
Neues Feld gefunden: data[0].financials.billingAddress.addressSupplement
Neues Feld gefunden: data[0].financials.billingAddress.fax
Neues Feld gefunden: data[0].financials.billingAddress.email
Neues Feld gefunden: data[0].financials.billingAddress.salutation
Neues Feld gefunden: data[0].financials.billingAddress.gln
Neues Feld gefunden: data[0].financials.paymentMethod
Neues Feld gefunden: data[0].financials.paymentTerms
Falscher Typ für Feld data[0].delivery.autoShipping: erwartet string, erhalten boolean
Neues Feld gefunden: data[0].delivery.email
Neues Feld gefunden: data[0].delivery.conditions
Neues Feld gefunden: data[0].delivery.fastLane
Neues Feld gefunden: data[0].delivery.shippingAddress
Neues Feld gefunden: data[0].customerOrderNumber
Neues Feld gefunden: data[0].transactionNumber
Neues Feld gefunden: data[0].externalOrderId
Neues Feld gefunden: data[0].date
Neues Feld gefunden: data[0].netSales
Neues Feld gefunden: data[0].total
Neues Feld gefunden: data[0].desiredDeliveryDate
Neues Feld gefunden: data[0].desiredDeliveryDateAsCalendarWeek
Neues Feld gefunden: data[0].reservationDate
Neues Feld gefunden: data[0].editor
Neues Feld gefunden: data[0].sales
Neues Feld gefunden: data[0].comment
Neues Feld gefunden: data[0].bodyOutroduction
Neues Feld gefunden: data[0].log
[2025-02-06T13:48:43.523Z] Unterschiede bei Get SalesOrders List:
Neues Feld gefunden: data[0].financials.billingAddress.department
Neues Feld gefunden: data[0].financials.billingAddress.subDepartment
Neues Feld gefunden: data[0].financials.billingAddress.state
Neues Feld gefunden: data[0].financials.billingAddress.type
Neues Feld gefunden: data[0].financials.billingAddress.title
Neues Feld gefunden: data[0].financials.billingAddress.contactPerson
Neues Feld gefunden: data[0].financials.billingAddress.addressSupplement
Neues Feld gefunden: data[0].financials.billingAddress.fax
Neues Feld gefunden: data[0].financials.billingAddress.email
Neues Feld gefunden: data[0].financials.billingAddress.salutation
Neues Feld gefunden: data[0].financials.billingAddress.gln
Neues Feld gefunden: data[0].financials.paymentMethod
Neues Feld gefunden: data[0].financials.paymentTerms
Falscher Typ für Feld data[0].delivery.autoShipping: erwartet string, erhalten boolean
Neues Feld gefunden: data[0].delivery.email
Neues Feld gefunden: data[0].delivery.conditions
Neues Feld gefunden: data[0].delivery.fastLane
Neues Feld gefunden: data[0].delivery.shippingAddress
Neues Feld gefunden: data[0].customerOrderNumber
Neues Feld gefunden: data[0].transactionNumber
Neues Feld gefunden: data[0].externalOrderId
Neues Feld gefunden: data[0].date
Neues Feld gefunden: data[0].netSales
Neues Feld gefunden: data[0].total
Neues Feld gefunden: data[0].desiredDeliveryDate
Neues Feld gefunden: data[0].desiredDeliveryDateAsCalendarWeek
Neues Feld gefunden: data[0].reservationDate
Neues Feld gefunden: data[0].editor
Neues Feld gefunden: data[0].sales
Neues Feld gefunden: data[0].comment
Neues Feld gefunden: data[0].bodyOutroduction
Neues Feld gefunden: data[0].log
Falscher Typ für Feld extra.totalCount: erwartet string, erhalten number
Falscher Typ für Feld extra.page.number: erwartet string, erhalten number
Falscher Typ für Feld extra.page.size: erwartet string, erhalten number
[2025-02-06T13:52:56.830Z] Unterschiede bei Get SalesOrders List:
Falscher Typ für Feld data[0].desiredDeliveryDate: erwartet string, erhalten object
Falscher Typ für Feld data[0].reservationDate: erwartet string, erhalten object
Falscher Typ für Feld data[0].sales.id: erwartet string, erhalten object
Falscher Typ für Feld data[0].sales.name: erwartet string, erhalten object
[2025-02-06T13:56:09.320Z] Unterschiede bei Get SalesOrders List:
Falscher Typ für Feld data[0].desiredDeliveryDate: erwartet string, erhalten object
Falscher Typ für Feld data[0].reservationDate: erwartet string, erhalten object
Falscher Typ für Feld data[0].sales.id: erwartet string, erhalten object
Falscher Typ für Feld data[0].sales.name: erwartet string, erhalten object
[2025-02-06T14:39:33.939Z] Unterschiede bei Get SalesOrders List:
Neues Feld gefunden: data[0].delivery.shippingAddress.country
[2025-02-06T14:59:21.350Z] Unterschiede bei Get SalesOrder View:
Fehlendes Feld: id
Fehlendes Feld: documentNumber
Fehlendes Feld: externalOrderNumber
Fehlendes Feld: customerOrderNumber
Fehlendes Feld: transactionNumber
Fehlendes Feld: externalOrderId
Fehlendes Feld: autoCreateDocuments
Fehlendes Feld: date
Fehlendes Feld: editor
Fehlendes Feld: status
Fehlendes Feld: customer
Fehlendes Feld: project
Fehlendes Feld: language
Fehlendes Feld: financials
Fehlendes Feld: delivery
Fehlendes Feld: positions
Fehlendes Feld: log
Fehlendes Feld: salesChannel
Neues Feld gefunden: data
Neues Feld gefunden: extra
[2025-02-06T15:05:34.273Z] Unterschiede bei Get SalesOrder View:
Fehlendes Feld: id
Fehlendes Feld: documentNumber
Fehlendes Feld: externalOrderNumber
Fehlendes Feld: customerOrderNumber
Fehlendes Feld: transactionNumber
Fehlendes Feld: externalOrderId
Fehlendes Feld: autoCreateDocuments
Fehlendes Feld: date
Fehlendes Feld: editor
Fehlendes Feld: status
Fehlendes Feld: customer
Fehlendes Feld: project
Fehlendes Feld: language
Fehlendes Feld: financials
Fehlendes Feld: delivery
Fehlendes Feld: positions
Fehlendes Feld: log
Fehlendes Feld: salesChannel
Neues Feld gefunden: data
Neues Feld gefunden: extra
[2025-02-06T15:08:21.185Z] Unterschiede bei Get SalesOrder View:
Typen stimmen nicht überein bei data: erwartet Object, erhalten Array
Neues Feld gefunden: extra
[2025-02-06T15:11:51.476Z] Unterschiede bei Get SalesOrder View:
Fehlendes Feld: data[0].autoCreateDocuments
Neues Feld gefunden: data[0].financials.billingAddress.department
Neues Feld gefunden: data[0].financials.billingAddress.subDepartment
Neues Feld gefunden: data[0].financials.billingAddress.state
Neues Feld gefunden: data[0].financials.billingAddress.type
Neues Feld gefunden: data[0].financials.billingAddress.title
Neues Feld gefunden: data[0].financials.billingAddress.contactPerson
Neues Feld gefunden: data[0].financials.billingAddress.addressSupplement
Neues Feld gefunden: data[0].financials.billingAddress.fax
Neues Feld gefunden: data[0].financials.billingAddress.email
Neues Feld gefunden: data[0].financials.billingAddress.salutation
Neues Feld gefunden: data[0].financials.billingAddress.gln
Neues Feld gefunden: data[0].financials.paymentMethod
Neues Feld gefunden: data[0].financials.paymentTerms
Neues Feld gefunden: data[0].delivery.email
Neues Feld gefunden: data[0].delivery.conditions
Neues Feld gefunden: data[0].delivery.fastLane
Neues Feld gefunden: data[0].delivery.shippingAddress
Fehlendes Feld: data[0].positions
Fehlendes Feld: data[0].salesChannel
Neues Feld gefunden: data[0].netSales
Neues Feld gefunden: data[0].total
Neues Feld gefunden: data[0].desiredDeliveryDate
Neues Feld gefunden: data[0].desiredDeliveryDateAsCalendarWeek
Neues Feld gefunden: data[0].reservationDate
Neues Feld gefunden: data[0].sales
Neues Feld gefunden: data[0].comment
Neues Feld gefunden: data[0].bodyOutroduction
Neues Feld gefunden: extra.page
[2025-02-06T15:15:26.320Z] Unterschiede bei Get SalesOrder View:
Fehlendes Feld: data[0].autoCreateDocuments
Fehlendes Feld: data[0].earliestFulfillmentDate
Fehlendes Feld: data[0].delivery.shippingMethod
Fehlendes Feld: data[0].delivery.deliveryTerms
Fehlendes Feld: data[0].positions
Fehlendes Feld: data[0].bodyIntroduction
Fehlendes Feld: data[0].internalDesignation
Fehlendes Feld: data[0].salesChannel
Neues Feld gefunden: data[0].netSales
Neues Feld gefunden: data[0].total
[2025-02-06T15:17:05.819Z] Unterschiede bei Get SalesOrder View:
Fehlendes Feld: data[0].autoCreateDocuments
Fehlendes Feld: data[0].earliestFulfillmentDate
Fehlendes Feld: data[0].financials.netSales
Fehlendes Feld: data[0].financials.total
Fehlendes Feld: data[0].delivery.shippingMethod
Fehlendes Feld: data[0].delivery.deliveryTerms
Fehlendes Feld: data[0].positions
Fehlendes Feld: data[0].bodyIntroduction
Fehlendes Feld: data[0].internalDesignation
Fehlendes Feld: data[0].salesChannel
Neues Feld gefunden: data[0].netSales
Neues Feld gefunden: data[0].total
[2025-02-06T15:19:04.074Z] Unterschiede bei Get SalesOrder View:
Fehlendes Feld: data[0].autoCreateDocuments
Fehlendes Feld: data[0].earliestFulfillmentDate
Fehlendes Feld: data[0].financials.netSales
Fehlendes Feld: data[0].financials.total
Fehlendes Feld: data[0].delivery.shippingMethod
Fehlendes Feld: data[0].delivery.deliveryTerms
Fehlendes Feld: data[0].positions
Fehlendes Feld: data[0].bodyIntroduction
Fehlendes Feld: data[0].internalDesignation
Fehlendes Feld: data[0].salesChannel
Neues Feld gefunden: data[0].netSales
Neues Feld gefunden: data[0].total
Neues Feld gefunden: data[0].desiredDeliveryDate
Neues Feld gefunden: data[0].desiredDeliveryDateAsCalendarWeek
Neues Feld gefunden: data[0].reservationDate
Neues Feld gefunden: extra.page
[2025-02-07T07:43:18.640Z] Unterschiede bei Get SalesOrder View:
Fehlendes Feld: data[0].autoCreateDocuments
Fehlendes Feld: data[0].earliestFulfillmentDate
Fehlendes Feld: data[0].financials.netSales
Fehlendes Feld: data[0].financials.total
Fehlendes Feld: data[0].delivery.shippingMethod
Fehlendes Feld: data[0].delivery.deliveryTerms
Fehlendes Feld: data[0].positions
Fehlendes Feld: data[0].bodyIntroduction
Fehlendes Feld: data[0].internalDesignation
Fehlendes Feld: data[0].salesChannel
Neues Feld gefunden: data[0].netSales
Neues Feld gefunden: data[0].total
Neues Feld gefunden: data[0].desiredDeliveryDate
Neues Feld gefunden: data[0].desiredDeliveryDateAsCalendarWeek
Neues Feld gefunden: data[0].reservationDate
Neues Feld gefunden: extra.page
[2025-02-07T08:31:36.512Z] Unterschiede bei Get SalesOrder View:
Fehlendes Feld: data[0].autoCreateDocuments
Fehlendes Feld: data[0].earliestFulfillmentDate
Fehlendes Feld: data[0].financials.netSales
Fehlendes Feld: data[0].financials.total
Fehlendes Feld: data[0].delivery.shippingMethod
Fehlendes Feld: data[0].delivery.deliveryTerms
Fehlendes Feld: data[0].positions
Fehlendes Feld: data[0].bodyIntroduction
Fehlendes Feld: data[0].internalDesignation
Fehlendes Feld: data[0].salesChannel
Neues Feld gefunden: data[0].netSales
Neues Feld gefunden: data[0].total
Neues Feld gefunden: data[0].desiredDeliveryDate
Neues Feld gefunden: data[0].desiredDeliveryDateAsCalendarWeek
Neues Feld gefunden: data[0].reservationDate
Neues Feld gefunden: extra.page
[2025-02-07T08:50:51.848Z] Unterschiede bei Get SalesOrder View:
Fehlendes Feld: data[0].autoCreateDocuments
Fehlendes Feld: data[0].earliestFulfillmentDate
Fehlendes Feld: data[0].financials.netSales
Fehlendes Feld: data[0].financials.total
Fehlendes Feld: data[0].delivery.shippingMethod
Fehlendes Feld: data[0].delivery.deliveryTerms
Fehlendes Feld: data[0].positions
Fehlendes Feld: data[0].bodyIntroduction
Fehlendes Feld: data[0].internalDesignation
Fehlendes Feld: data[0].salesChannel
Neues Feld gefunden: data[0].netSales
Neues Feld gefunden: data[0].total
Neues Feld gefunden: data[0].desiredDeliveryDate
Neues Feld gefunden: data[0].desiredDeliveryDateAsCalendarWeek
Neues Feld gefunden: data[0].reservationDate
Neues Feld gefunden: extra.page
[2025-02-07T08:55:35.797Z] Unterschiede bei Get SalesOrder View:
Fehlendes Feld: data[0].autoCreateDocuments
Fehlendes Feld: data[0].earliestFulfillmentDate
Fehlendes Feld: data[0].financials.netSales
Fehlendes Feld: data[0].financials.total
Fehlendes Feld: data[0].delivery.shippingMethod
Fehlendes Feld: data[0].delivery.deliveryTerms
Fehlendes Feld: data[0].positions
Fehlendes Feld: data[0].bodyIntroduction
Fehlendes Feld: data[0].internalDesignation
Fehlendes Feld: data[0].salesChannel
Neues Feld gefunden: data[0].netSales
Neues Feld gefunden: data[0].total
Neues Feld gefunden: data[0].desiredDeliveryDate
Neues Feld gefunden: data[0].desiredDeliveryDateAsCalendarWeek
Neues Feld gefunden: data[0].reservationDate
Neues Feld gefunden: extra.page
[2025-02-07T08:57:07.247Z] Unterschiede bei Get SalesOrder View:
Fehlendes Feld: data[0].autoCreateDocuments
Fehlendes Feld: data[0].earliestFulfillmentDate
Fehlendes Feld: data[0].financials.netSales
Fehlendes Feld: data[0].financials.total
Fehlendes Feld: data[0].delivery.shippingMethod
Fehlendes Feld: data[0].delivery.deliveryTerms
Fehlendes Feld: data[0].positions
Fehlendes Feld: data[0].bodyIntroduction
Fehlendes Feld: data[0].internalDesignation
Fehlendes Feld: data[0].salesChannel
Neues Feld gefunden: data[0].netSales
Neues Feld gefunden: data[0].total
[2025-02-07T10:14:56.509Z] Unterschiede bei Get SalesOrder View:
Fehlendes Feld: data[0].autoCreateDocuments
Fehlendes Feld: data[0].earliestFulfillmentDate
Fehlendes Feld: data[0].financials.netSales
Fehlendes Feld: data[0].financials.total
Fehlendes Feld: data[0].delivery.shippingMethod
Fehlendes Feld: data[0].delivery.deliveryTerms
Fehlendes Feld: data[0].positions
Fehlendes Feld: data[0].bodyIntroduction
Fehlendes Feld: data[0].internalDesignation
Fehlendes Feld: data[0].salesChannel
Neues Feld gefunden: data[0].netSales
Neues Feld gefunden: data[0].total
[2025-02-07T10:15:23.265Z] Unterschiede bei Get SalesOrder View:
Fehlendes Feld: data[0].autoCreateDocuments
Fehlendes Feld: data[0].earliestFulfillmentDate
Fehlendes Feld: data[0].financials.netSales
Fehlendes Feld: data[0].financials.total
Fehlendes Feld: data[0].delivery.shippingMethod
Fehlendes Feld: data[0].delivery.deliveryTerms
Fehlendes Feld: data[0].positions
Fehlendes Feld: data[0].bodyIntroduction
Fehlendes Feld: data[0].internalDesignation
Fehlendes Feld: data[0].salesChannel
Neues Feld gefunden: data[0].netSales
Neues Feld gefunden: data[0].total
[2025-02-07T10:18:08.450Z] Unterschiede bei Get SalesOrder View:
Fehlendes Feld: data[0].autoCreateDocuments
Falscher Typ für Feld data[0].netSales: erwartet string, erhalten number
Falscher Typ für Feld data[0].total: erwartet string, erhalten number
Fehlendes Feld: data[0].earliestFulfillmentDate
Fehlendes Feld: data[0].financials.netSales
Fehlendes Feld: data[0].financials.total
Fehlendes Feld: data[0].delivery.shippingMethod
Fehlendes Feld: data[0].delivery.deliveryTerms
Fehlendes Feld: data[0].positions
Fehlendes Feld: data[0].bodyIntroduction
Fehlendes Feld: data[0].internalDesignation
Fehlendes Feld: data[0].salesChannel
[2025-02-07T10:19:22.610Z] Unterschiede bei Get SalesOrder View:
Fehlendes Feld: data[0].autoCreateDocuments
Fehlendes Feld: data[0].earliestFulfillmentDate
Fehlendes Feld: data[0].financials.netSales
Fehlendes Feld: data[0].financials.total
Fehlendes Feld: data[0].delivery.shippingMethod
Fehlendes Feld: data[0].delivery.deliveryTerms
Fehlendes Feld: data[0].positions
Fehlendes Feld: data[0].bodyIntroduction
Fehlendes Feld: data[0].internalDesignation
Fehlendes Feld: data[0].salesChannel
[2025-02-07T10:19:41.943Z] Unterschiede bei Get SalesOrder View:
Fehlendes Feld: data[0].autoCreateDocuments
Fehlendes Feld: data[0].earliestFulfillmentDate
Fehlendes Feld: data[0].financials.netSales
Fehlendes Feld: data[0].financials.total
Fehlendes Feld: data[0].delivery.shippingMethod
Fehlendes Feld: data[0].delivery.deliveryTerms
Fehlendes Feld: data[0].positions
Fehlendes Feld: data[0].bodyIntroduction
Fehlendes Feld: data[0].internalDesignation
Fehlendes Feld: data[0].salesChannel
[2025-02-07T10:19:54.366Z] Unterschiede bei Get SalesOrder View:
Fehlendes Feld: data[0].autoCreateDocuments
Fehlendes Feld: data[0].earliestFulfillmentDate
Fehlendes Feld: data[0].financials.netSales
Fehlendes Feld: data[0].financials.total
Fehlendes Feld: data[0].delivery.shippingMethod
Fehlendes Feld: data[0].delivery.deliveryTerms
Fehlendes Feld: data[0].positions
Fehlendes Feld: data[0].bodyIntroduction
Fehlendes Feld: data[0].internalDesignation
Fehlendes Feld: data[0].salesChannel
[2025-02-07T10:19:59.257Z] Unterschiede bei Get SalesOrder View:
Fehlendes Feld: data[0].autoCreateDocuments
Fehlendes Feld: data[0].earliestFulfillmentDate
Fehlendes Feld: data[0].financials.netSales
Fehlendes Feld: data[0].financials.total
Fehlendes Feld: data[0].delivery.shippingMethod
Fehlendes Feld: data[0].delivery.deliveryTerms
Fehlendes Feld: data[0].positions
Fehlendes Feld: data[0].bodyIntroduction
Fehlendes Feld: data[0].internalDesignation
Fehlendes Feld: data[0].salesChannel
[2025-02-07T10:20:03.451Z] Unterschiede bei Get SalesOrder View:
Fehlendes Feld: data[0].autoCreateDocuments
Fehlendes Feld: data[0].earliestFulfillmentDate
Fehlendes Feld: data[0].financials.netSales
Fehlendes Feld: data[0].financials.total
Fehlendes Feld: data[0].delivery.shippingMethod
Fehlendes Feld: data[0].delivery.deliveryTerms
Fehlendes Feld: data[0].positions
Fehlendes Feld: data[0].bodyIntroduction
Fehlendes Feld: data[0].internalDesignation
Fehlendes Feld: data[0].salesChannel
[2025-02-07T10:20:09.593Z] Unterschiede bei Get SalesOrder View:
Fehlendes Feld: data[0].autoCreateDocuments
Fehlendes Feld: data[0].earliestFulfillmentDate
Fehlendes Feld: data[0].financials.netSales
Fehlendes Feld: data[0].financials.total
Fehlendes Feld: data[0].delivery.shippingMethod
Fehlendes Feld: data[0].delivery.deliveryTerms
Fehlendes Feld: data[0].positions
Fehlendes Feld: data[0].bodyIntroduction
Fehlendes Feld: data[0].internalDesignation
Fehlendes Feld: data[0].salesChannel
[2025-02-07T10:21:27.464Z] Unterschiede bei Get SalesOrder View:
Fehlendes Feld: data[0].autoCreateDocuments
Fehlendes Feld: data[0].earliestFulfillmentDate
Fehlendes Feld: data[0].financials.netSales
Fehlendes Feld: data[0].financials.total
Fehlendes Feld: data[0].delivery.shippingMethod
Fehlendes Feld: data[0].delivery.deliveryTerms
Fehlendes Feld: data[0].positions
Fehlendes Feld: data[0].bodyIntroduction
Fehlendes Feld: data[0].internalDesignation
Fehlendes Feld: data[0].salesChannel
[2025-02-07T10:21:39.775Z] Unterschiede bei Get SalesOrder View:
Fehlendes Feld: data[0].autoCreateDocuments
Fehlendes Feld: data[0].earliestFulfillmentDate
Fehlendes Feld: data[0].financials.netSales
Fehlendes Feld: data[0].financials.total
Fehlendes Feld: data[0].delivery.shippingMethod
Fehlendes Feld: data[0].delivery.deliveryTerms
Fehlendes Feld: data[0].positions
Fehlendes Feld: data[0].bodyIntroduction
Fehlendes Feld: data[0].internalDesignation
Fehlendes Feld: data[0].salesChannel
[2025-02-07T10:21:53.739Z] Unterschiede bei Get SalesOrder View:
Fehlendes Feld: data[0].autoCreateDocuments
Fehlendes Feld: data[0].earliestFulfillmentDate
Fehlendes Feld: data[0].financials.netSales
Fehlendes Feld: data[0].financials.total
Fehlendes Feld: data[0].delivery.shippingMethod
Fehlendes Feld: data[0].delivery.deliveryTerms
Fehlendes Feld: data[0].positions
Fehlendes Feld: data[0].bodyIntroduction
Fehlendes Feld: data[0].internalDesignation
Fehlendes Feld: data[0].salesChannel
[2025-02-07T10:22:13.151Z] Unterschiede bei Get SalesOrder View:
Fehlendes Feld: data[0].autoCreateDocuments
Fehlendes Feld: data[0].earliestFulfillmentDate
Fehlendes Feld: data[0].financials.netSales
Fehlendes Feld: data[0].financials.total
Fehlendes Feld: data[0].delivery.shippingMethod
Fehlendes Feld: data[0].delivery.deliveryTerms
Fehlendes Feld: data[0].positions
Fehlendes Feld: data[0].bodyIntroduction
Fehlendes Feld: data[0].internalDesignation
Fehlendes Feld: data[0].salesChannel
